2021-03-04 09:39:03.876 DEBUG 10176 --- [main] org.hibernate.SQL                        : create table hibernate_sequence (next_val bigint) engine=InnoDB
2021-03-04 09:39:03.993 DEBUG 10176 --- [main] org.hibernate.SQL                        : insert into hibernate_sequence values ( 1 )
2021-03-04 09:39:04.007 DEBUG 10176 --- [main] org.hibernate.SQL                        : create table persona (id bigint not null, cognome varchar(255), data_nascita date, nome varchar(255), primary key (id)) engine=InnoDB
2021-03-04 09:39:04.061 DEBUG 10176 --- [main] org.hibernate.SQL                        : create table prodotto (id integer not null, nome varchar(255), primary key (id)) engine=InnoDB
2021-03-04 09:39:04.773  WARN 10176 --- [main] JpaBaseConfiguration$JpaWebConfiguration : spring.jpa.open-in-view is enabled by default. Therefore, database queries may be performed during view rendering. Explicitly configure spring.jpa.open-in-view to disable this warning
2021-03-04 09:40:06.951 DEBUG 10176 --- [http-nio-8080-exec-2] org.hibernate.SQL                        : select next_val as id_val from hibernate_sequence for update
2021-03-04 09:40:06.964 DEBUG 10176 --- [http-nio-8080-exec-2] org.hibernate.SQL                        : update hibernate_sequence set next_val= ? where next_val=?
2021-03-04 09:40:07.028 DEBUG 10176 --- [http-nio-8080-exec-2] org.hibernate.SQL                        : insert into prodotto (nome, id) values (?, ?)
2021-03-04 09:40:07.032 TRACE 10176 --- [http-nio-8080-exec-2] o.h.type.descriptor.sql.BasicBinder      : binding parameter [1] as [VARCHAR] - [aceto]
2021-03-04 09:40:07.036 TRACE 10176 --- [http-nio-8080-exec-2] o.h.type.descriptor.sql.BasicBinder      : binding parameter [2] as [INTEGER] - [1]
2021-03-04 09:40:07.267 DEBUG 10176 --- [http-nio-8080-exec-2] org.hibernate.SQL                        : select prodotto0_.id as id1_1_, prodotto0_.nome as nome2_1_ from prodotto prodotto0_
2021-03-04 09:40:07.458 DEBUG 10176 --- [http-nio-8080-exec-3] org.hibernate.SQL                        : select next_val as id_val from hibernate_sequence for update
2021-03-04 09:40:07.461 DEBUG 10176 --- [http-nio-8080-exec-3] org.hibernate.SQL                        : update hibernate_sequence set next_val= ? where next_val=?
2021-03-04 09:40:07.476 DEBUG 10176 --- [http-nio-8080-exec-3] org.hibernate.SQL                        : insert into prodotto (nome, id) values (?, ?)
2021-03-04 09:40:07.476 TRACE 10176 --- [http-nio-8080-exec-3] o.h.type.descriptor.sql.BasicBinder      : binding parameter [1] as [VARCHAR] - []
2021-03-04 09:40:07.477 TRACE 10176 --- [http-nio-8080-exec-3] o.h.type.descriptor.sql.BasicBinder      : binding parameter [2] as [INTEGER] - [2]
2021-03-04 09:40:07.490 DEBUG 10176 --- [http-nio-8080-exec-3] org.hibernate.SQL                        : select prodotto0_.id as id1_1_, prodotto0_.nome as nome2_1_ from prodotto prodotto0_
2021-03-04 09:40:11.623 DEBUG 10176 --- [http-nio-8080-exec-4] org.hibernate.SQL                        : select next_val as id_val from hibernate_sequence for update
2021-03-04 09:40:11.626 DEBUG 10176 --- [http-nio-8080-exec-4] org.hibernate.SQL                        : update hibernate_sequence set next_val= ? where next_val=?
2021-03-04 09:40:11.639 DEBUG 10176 --- [http-nio-8080-exec-4] org.hibernate.SQL                        : insert into prodotto (nome, id) values (?, ?)
2021-03-04 09:40:11.640 TRACE 10176 --- [http-nio-8080-exec-4] o.h.type.descriptor.sql.BasicBinder      : binding parameter [1] as [VARCHAR] - [aceto]
2021-03-04 09:40:11.641 TRACE 10176 --- [http-nio-8080-exec-4] o.h.type.descriptor.sql.BasicBinder      : binding parameter [2] as [INTEGER] - [3]
2021-03-04 09:40:11.652 DEBUG 10176 --- [http-nio-8080-exec-4] org.hibernate.SQL                        : select prodotto0_.id as id1_1_, prodotto0_.nome as nome2_1_ from prodotto prodotto0_
2021-03-04 09:50:14.257  WARN 6148 --- [main] JpaBaseConfiguration$JpaWebConfiguration : spring.jpa.open-in-view is enabled by default. Therefore, database queries may be performed during view rendering. Explicitly configure spring.jpa.open-in-view to disable this warning
2021-03-04 09:50:34.543 DEBUG 6148 --- [http-nio-8080-exec-1] org.hibernate.SQL                        : select next_val as id_val from hibernate_sequence for update
2021-03-04 09:50:34.552 DEBUG 6148 --- [http-nio-8080-exec-1] org.hibernate.SQL                        : update hibernate_sequence set next_val= ? where next_val=?
2021-03-04 09:50:34.610 DEBUG 6148 --- [http-nio-8080-exec-1] org.hibernate.SQL                        : insert into prodotto (nome, id) values (?, ?)
2021-03-04 09:50:34.618 TRACE 6148 --- [http-nio-8080-exec-1] o.h.type.descriptor.sql.BasicBinder      : binding parameter [1] as [VARCHAR] - [mele]
2021-03-04 09:50:34.620 TRACE 6148 --- [http-nio-8080-exec-1] o.h.type.descriptor.sql.BasicBinder      : binding parameter [2] as [INTEGER] - [4]
2021-03-04 09:50:34.861 DEBUG 6148 --- [http-nio-8080-exec-1] org.hibernate.SQL                        : select prodotto0_.id as id1_1_, prodotto0_.nome as nome2_1_ from prodotto prodotto0_
2021-03-04 09:50:35.157 DEBUG 6148 --- [http-nio-8080-exec-2] org.hibernate.SQL                        : select next_val as id_val from hibernate_sequence for update
2021-03-04 09:50:35.158 DEBUG 6148 --- [http-nio-8080-exec-2] org.hibernate.SQL                        : update hibernate_sequence set next_val= ? where next_val=?
2021-03-04 09:50:35.167 DEBUG 6148 --- [http-nio-8080-exec-2] org.hibernate.SQL                        : insert into prodotto (nome, id) values (?, ?)
2021-03-04 09:50:35.169 TRACE 6148 --- [http-nio-8080-exec-2] o.h.type.descriptor.sql.BasicBinder      : binding parameter [1] as [VARCHAR] - []
2021-03-04 09:50:35.169 TRACE 6148 --- [http-nio-8080-exec-2] o.h.type.descriptor.sql.BasicBinder      : binding parameter [2] as [INTEGER] - [5]
2021-03-04 09:50:35.179 DEBUG 6148 --- [http-nio-8080-exec-2] org.hibernate.SQL                        : select prodotto0_.id as id1_1_, prodotto0_.nome as nome2_1_ from prodotto prodotto0_
2021-03-04 09:50:40.692 DEBUG 6148 --- [http-nio-8080-exec-3] org.hibernate.SQL                        : select next_val as id_val from hibernate_sequence for update
2021-03-04 09:50:40.700 DEBUG 6148 --- [http-nio-8080-exec-3] org.hibernate.SQL                        : update hibernate_sequence set next_val= ? where next_val=?
2021-03-04 09:50:40.735 DEBUG 6148 --- [http-nio-8080-exec-3] org.hibernate.SQL                        : insert into prodotto (nome, id) values (?, ?)
2021-03-04 09:50:40.737 TRACE 6148 --- [http-nio-8080-exec-3] o.h.type.descriptor.sql.BasicBinder      : binding parameter [1] as [VARCHAR] - [mele]
2021-03-04 09:50:40.738 TRACE 6148 --- [http-nio-8080-exec-3] o.h.type.descriptor.sql.BasicBinder      : binding parameter [2] as [INTEGER] - [6]
2021-03-04 09:50:40.748 DEBUG 6148 --- [http-nio-8080-exec-3] org.hibernate.SQL                        : select prodotto0_.id as id1_1_, prodotto0_.nome as nome2_1_ from prodotto prodotto0_
2021-03-04 09:50:47.260 DEBUG 6148 --- [http-nio-8080-exec-5] org.hibernate.SQL                        : select next_val as id_val from hibernate_sequence for update
2021-03-04 09:50:47.262 DEBUG 6148 --- [http-nio-8080-exec-5] org.hibernate.SQL                        : update hibernate_sequence set next_val= ? where next_val=?
2021-03-04 09:50:47.304 DEBUG 6148 --- [http-nio-8080-exec-5] org.hibernate.SQL                        : insert into prodotto (nome, id) values (?, ?)
2021-03-04 09:50:47.307 TRACE 6148 --- [http-nio-8080-exec-5] o.h.type.descriptor.sql.BasicBinder      : binding parameter [1] as [VARCHAR] - [mele]
2021-03-04 09:50:47.307 TRACE 6148 --- [http-nio-8080-exec-5] o.h.type.descriptor.sql.BasicBinder      : binding parameter [2] as [INTEGER] - [7]
2021-03-04 09:50:47.319 DEBUG 6148 --- [http-nio-8080-exec-5] org.hibernate.SQL                        : select prodotto0_.id as id1_1_, prodotto0_.nome as nome2_1_ from prodotto prodotto0_
2021-03-04 09:50:48.071 DEBUG 6148 --- [http-nio-8080-exec-6] org.hibernate.SQL                        : select next_val as id_val from hibernate_sequence for update
2021-03-04 09:50:48.073 DEBUG 6148 --- [http-nio-8080-exec-6] org.hibernate.SQL                        : update hibernate_sequence set next_val= ? where next_val=?
2021-03-04 09:50:48.088 DEBUG 6148 --- [http-nio-8080-exec-6] org.hibernate.SQL                        : insert into prodotto (nome, id) values (?, ?)
2021-03-04 09:50:48.091 TRACE 6148 --- [http-nio-8080-exec-6] o.h.type.descriptor.sql.BasicBinder      : binding parameter [1] as [VARCHAR] - []
2021-03-04 09:50:48.094 TRACE 6148 --- [http-nio-8080-exec-6] o.h.type.descriptor.sql.BasicBinder      : binding parameter [2] as [INTEGER] - [8]
2021-03-04 09:50:48.109 DEBUG 6148 --- [http-nio-8080-exec-6] org.hibernate.SQL                        : select prodotto0_.id as id1_1_, prodotto0_.nome as nome2_1_ from prodotto prodotto0_
2021-03-04 09:50:53.453 DEBUG 6148 --- [http-nio-8080-exec-8] org.hibernate.SQL                        : select next_val as id_val from hibernate_sequence for update
2021-03-04 09:50:53.457 DEBUG 6148 --- [http-nio-8080-exec-8] org.hibernate.SQL                        : update hibernate_sequence set next_val= ? where next_val=?
2021-03-04 09:50:53.504 DEBUG 6148 --- [http-nio-8080-exec-8] org.hibernate.SQL                        : insert into prodotto (nome, id) values (?, ?)
2021-03-04 09:50:53.505 TRACE 6148 --- [http-nio-8080-exec-8] o.h.type.descriptor.sql.BasicBinder      : binding parameter [1] as [VARCHAR] - [tonno]
2021-03-04 09:50:53.506 TRACE 6148 --- [http-nio-8080-exec-8] o.h.type.descriptor.sql.BasicBinder      : binding parameter [2] as [INTEGER] - [9]
2021-03-04 09:50:53.517 DEBUG 6148 --- [http-nio-8080-exec-8] org.hibernate.SQL                        : select prodotto0_.id as id1_1_, prodotto0_.nome as nome2_1_ from prodotto prodotto0_
2021-03-04 09:50:54.907 DEBUG 6148 --- [http-nio-8080-exec-9] org.hibernate.SQL                        : delete from prodotto
2021-03-04 09:50:54.923 DEBUG 6148 --- [http-nio-8080-exec-9] org.hibernate.SQL                        : select prodotto0_.id as id1_1_, prodotto0_.nome as nome2_1_ from prodotto prodotto0_
2021-03-04 09:50:56.566 DEBUG 6148 --- [http-nio-8080-exec-10] org.hibernate.SQL                        : delete from prodotto
2021-03-04 09:50:56.573 DEBUG 6148 --- [http-nio-8080-exec-10] org.hibernate.SQL                        : select prodotto0_.id as id1_1_, prodotto0_.nome as nome2_1_ from prodotto prodotto0_
2021-03-04 09:51:00.432 DEBUG 6148 --- [http-nio-8080-exec-1] org.hibernate.SQL                        : select next_val as id_val from hibernate_sequence for update
2021-03-04 09:51:00.434 DEBUG 6148 --- [http-nio-8080-exec-1] org.hibernate.SQL                        : update hibernate_sequence set next_val= ? where next_val=?
2021-03-04 09:51:00.482 DEBUG 6148 --- [http-nio-8080-exec-1] org.hibernate.SQL                        : insert into prodotto (nome, id) values (?, ?)
2021-03-04 09:51:00.483 TRACE 6148 --- [http-nio-8080-exec-1] o.h.type.descriptor.sql.BasicBinder      : binding parameter [1] as [VARCHAR] - [aceo]
2021-03-04 09:51:00.487 TRACE 6148 --- [http-nio-8080-exec-1] o.h.type.descriptor.sql.BasicBinder      : binding parameter [2] as [INTEGER] - [10]
2021-03-04 09:51:00.507 DEBUG 6148 --- [http-nio-8080-exec-1] org.hibernate.SQL                        : select prodotto0_.id as id1_1_, prodotto0_.nome as nome2_1_ from prodotto prodotto0_
2021-03-04 09:52:56.254 DEBUG 6148 --- [http-nio-8080-exec-3] org.hibernate.SQL                        : select next_val as id_val from hibernate_sequence for update
2021-03-04 09:52:56.258 DEBUG 6148 --- [http-nio-8080-exec-3] org.hibernate.SQL                        : update hibernate_sequence set next_val= ? where next_val=?
2021-03-04 09:52:56.267 DEBUG 6148 --- [http-nio-8080-exec-3] org.hibernate.SQL                        : insert into prodotto (nome, id) values (?, ?)
2021-03-04 09:52:56.268 TRACE 6148 --- [http-nio-8080-exec-3] o.h.type.descriptor.sql.BasicBinder      : binding parameter [1] as [VARCHAR] - [aceto]
2021-03-04 09:52:56.269 TRACE 6148 --- [http-nio-8080-exec-3] o.h.type.descriptor.sql.BasicBinder      : binding parameter [2] as [INTEGER] - [11]
2021-03-04 09:52:56.283 DEBUG 6148 --- [http-nio-8080-exec-3] org.hibernate.SQL                        : select prodotto0_.id as id1_1_, prodotto0_.nome as nome2_1_ from prodotto prodotto0_
2021-03-04 09:52:59.924 DEBUG 6148 --- [http-nio-8080-exec-4] org.hibernate.SQL                        : select next_val as id_val from hibernate_sequence for update
2021-03-04 09:52:59.951 DEBUG 6148 --- [http-nio-8080-exec-4] org.hibernate.SQL                        : update hibernate_sequence set next_val= ? where next_val=?
2021-03-04 09:52:59.961 DEBUG 6148 --- [http-nio-8080-exec-4] org.hibernate.SQL                        : insert into prodotto (nome, id) values (?, ?)
2021-03-04 09:52:59.963 TRACE 6148 --- [http-nio-8080-exec-4] o.h.type.descriptor.sql.BasicBinder      : binding parameter [1] as [VARCHAR] - [fff]
2021-03-04 09:52:59.964 TRACE 6148 --- [http-nio-8080-exec-4] o.h.type.descriptor.sql.BasicBinder      : binding parameter [2] as [INTEGER] - [12]
2021-03-04 09:52:59.979 DEBUG 6148 --- [http-nio-8080-exec-4] org.hibernate.SQL                        : select prodotto0_.id as id1_1_, prodotto0_.nome as nome2_1_ from prodotto prodotto0_
2021-03-04 09:53:02.178 DEBUG 6148 --- [http-nio-8080-exec-6] org.hibernate.SQL                        : select next_val as id_val from hibernate_sequence for update
2021-03-04 09:53:02.179 DEBUG 6148 --- [http-nio-8080-exec-6] org.hibernate.SQL                        : update hibernate_sequence set next_val= ? where next_val=?
2021-03-04 09:53:02.194 DEBUG 6148 --- [http-nio-8080-exec-6] org.hibernate.SQL                        : insert into prodotto (nome, id) values (?, ?)
2021-03-04 09:53:02.197 TRACE 6148 --- [http-nio-8080-exec-6] o.h.type.descriptor.sql.BasicBinder      : binding parameter [1] as [VARCHAR] - [ffff]
2021-03-04 09:53:02.198 TRACE 6148 --- [http-nio-8080-exec-6] o.h.type.descriptor.sql.BasicBinder      : binding parameter [2] as [INTEGER] - [13]
2021-03-04 09:53:02.211 DEBUG 6148 --- [http-nio-8080-exec-6] org.hibernate.SQL                        : select prodotto0_.id as id1_1_, prodotto0_.nome as nome2_1_ from prodotto prodotto0_
2021-03-04 09:53:03.119 DEBUG 6148 --- [http-nio-8080-exec-7] org.hibernate.SQL                        : delete from prodotto
2021-03-04 09:53:03.158 DEBUG 6148 --- [http-nio-8080-exec-7] org.hibernate.SQL                        : select prodotto0_.id as id1_1_, prodotto0_.nome as nome2_1_ from prodotto prodotto0_
2021-03-04 09:53:07.526 DEBUG 6148 --- [http-nio-8080-exec-8] org.hibernate.SQL                        : select next_val as id_val from hibernate_sequence for update
2021-03-04 09:53:07.530 DEBUG 6148 --- [http-nio-8080-exec-8] org.hibernate.SQL                        : update hibernate_sequence set next_val= ? where next_val=?
2021-03-04 09:53:07.564 DEBUG 6148 --- [http-nio-8080-exec-8] org.hibernate.SQL                        : insert into prodotto (nome, id) values (?, ?)
2021-03-04 09:53:07.568 TRACE 6148 --- [http-nio-8080-exec-8] o.h.type.descriptor.sql.BasicBinder      : binding parameter [1] as [VARCHAR] - [olio]
2021-03-04 09:53:07.569 TRACE 6148 --- [http-nio-8080-exec-8] o.h.type.descriptor.sql.BasicBinder      : binding parameter [2] as [INTEGER] - [14]
2021-03-04 09:53:07.580 DEBUG 6148 --- [http-nio-8080-exec-8] org.hibernate.SQL                        : select prodotto0_.id as id1_1_, prodotto0_.nome as nome2_1_ from prodotto prodotto0_
2021-03-04 09:53:20.522 DEBUG 6148 --- [http-nio-8080-exec-10] org.hibernate.SQL                        : select next_val as id_val from hibernate_sequence for update
2021-03-04 09:53:20.524 DEBUG 6148 --- [http-nio-8080-exec-10] org.hibernate.SQL                        : update hibernate_sequence set next_val= ? where next_val=?
2021-03-04 09:53:20.534 DEBUG 6148 --- [http-nio-8080-exec-10] org.hibernate.SQL                        : insert into prodotto (nome, id) values (?, ?)
2021-03-04 09:53:20.535 TRACE 6148 --- [http-nio-8080-exec-10] o.h.type.descriptor.sql.BasicBinder      : binding parameter [1] as [VARCHAR] - [pollo]
2021-03-04 09:53:20.536 TRACE 6148 --- [http-nio-8080-exec-10] o.h.type.descriptor.sql.BasicBinder      : binding parameter [2] as [INTEGER] - [15]
2021-03-04 09:53:20.544 DEBUG 6148 --- [http-nio-8080-exec-10] org.hibernate.SQL                        : select prodotto0_.id as id1_1_, prodotto0_.nome as nome2_1_ from prodotto prodotto0_
2021-03-04 10:20:18.733  WARN 474708 --- [main] JpaBaseConfiguration$JpaWebConfiguration : spring.jpa.open-in-view is enabled by default. Therefore, database queries may be performed during view rendering. Explicitly configure spring.jpa.open-in-view to disable this warning
2021-03-04 10:28:16.356  WARN 474364 --- [main] JpaBaseConfiguration$JpaWebConfiguration : spring.jpa.open-in-view is enabled by default. Therefore, database queries may be performed during view rendering. Explicitly configure spring.jpa.open-in-view to disable this warning
2021-03-04 10:29:11.226 DEBUG 474364 --- [http-nio-8080-exec-2] org.hibernate.SQL                        : select next_val as id_val from hibernate_sequence for update
2021-03-04 10:29:11.648 DEBUG 474364 --- [http-nio-8080-exec-2] org.hibernate.SQL                        : update hibernate_sequence set next_val= ? where next_val=?
2021-03-04 10:29:12.462 DEBUG 474364 --- [http-nio-8080-exec-2] org.hibernate.SQL                        : insert into prodotto (nome, id) values (?, ?)
2021-03-04 10:29:12.467 TRACE 474364 --- [http-nio-8080-exec-2] o.h.type.descriptor.sql.BasicBinder      : binding parameter [1] as [VARCHAR] - [olio]
2021-03-04 10:29:12.468 TRACE 474364 --- [http-nio-8080-exec-2] o.h.type.descriptor.sql.BasicBinder      : binding parameter [2] as [INTEGER] - [1]
2021-03-04 10:29:16.462 DEBUG 474364 --- [http-nio-8080-exec-2] org.hibernate.SQL                        : select prodotto0_.id as id1_1_, prodotto0_.nome as nome2_1_ from prodotto prodotto0_
2021-03-04 10:29:35.700 DEBUG 474364 --- [http-nio-8080-exec-4] org.hibernate.SQL                        : select next_val as id_val from hibernate_sequence for update
2021-03-04 10:29:35.703 DEBUG 474364 --- [http-nio-8080-exec-4] org.hibernate.SQL                        : update hibernate_sequence set next_val= ? where next_val=?
2021-03-04 10:29:36.105 DEBUG 474364 --- [http-nio-8080-exec-4] org.hibernate.SQL                        : insert into prodotto (nome, id) values (?, ?)
2021-03-04 10:29:36.107 TRACE 474364 --- [http-nio-8080-exec-4] o.h.type.descriptor.sql.BasicBinder      : binding parameter [1] as [VARCHAR] - [olio]
2021-03-04 10:29:36.108 TRACE 474364 --- [http-nio-8080-exec-4] o.h.type.descriptor.sql.BasicBinder      : binding parameter [2] as [INTEGER] - [2]
2021-03-04 10:29:36.674 DEBUG 474364 --- [http-nio-8080-exec-4] org.hibernate.SQL                        : select prodotto0_.id as id1_1_, prodotto0_.nome as nome2_1_ from prodotto prodotto0_
2021-03-04 10:29:43.699 DEBUG 474364 --- [http-nio-8080-exec-5] org.hibernate.SQL                        : select next_val as id_val from hibernate_sequence for update
2021-03-04 10:29:43.700 DEBUG 474364 --- [http-nio-8080-exec-5] org.hibernate.SQL                        : update hibernate_sequence set next_val= ? where next_val=?
2021-03-04 10:29:43.829 DEBUG 474364 --- [http-nio-8080-exec-5] org.hibernate.SQL                        : insert into prodotto (nome, id) values (?, ?)
2021-03-04 10:29:43.830 TRACE 474364 --- [http-nio-8080-exec-5] o.h.type.descriptor.sql.BasicBinder      : binding parameter [1] as [VARCHAR] - [pane]
2021-03-04 10:29:43.831 TRACE 474364 --- [http-nio-8080-exec-5] o.h.type.descriptor.sql.BasicBinder      : binding parameter [2] as [INTEGER] - [3]
2021-03-04 10:29:44.151 DEBUG 474364 --- [http-nio-8080-exec-5] org.hibernate.SQL                        : select prodotto0_.id as id1_1_, prodotto0_.nome as nome2_1_ from prodotto prodotto0_
2021-03-04 10:29:46.566 DEBUG 474364 --- [http-nio-8080-exec-7] org.hibernate.SQL                        : delete from prodotto
2021-03-04 10:29:46.841 DEBUG 474364 --- [http-nio-8080-exec-7] org.hibernate.SQL                        : select prodotto0_.id as id1_1_, prodotto0_.nome as nome2_1_ from prodotto prodotto0_
2021-03-04 10:30:20.014 DEBUG 474364 --- [http-nio-8080-exec-9] org.hibernate.SQL                        : select next_val as id_val from hibernate_sequence for update
2021-03-04 10:30:20.016 DEBUG 474364 --- [http-nio-8080-exec-9] org.hibernate.SQL                        : update hibernate_sequence set next_val= ? where next_val=?
2021-03-04 10:30:20.255 DEBUG 474364 --- [http-nio-8080-exec-9] org.hibernate.SQL                        : insert into prodotto (nome, id) values (?, ?)
2021-03-04 10:30:20.353 TRACE 474364 --- [http-nio-8080-exec-9] o.h.type.descriptor.sql.BasicBinder      : binding parameter [1] as [VARCHAR] - [pasta]
2021-03-04 10:30:20.354 TRACE 474364 --- [http-nio-8080-exec-9] o.h.type.descriptor.sql.BasicBinder      : binding parameter [2] as [INTEGER] - [4]
2021-03-04 10:30:20.676 DEBUG 474364 --- [http-nio-8080-exec-9] org.hibernate.SQL                        : select prodotto0_.id as id1_1_, prodotto0_.nome as nome2_1_ from prodotto prodotto0_
2021-03-04 10:30:22.670 DEBUG 474364 --- [http-nio-8080-exec-10] org.hibernate.SQL                        : delete from prodotto
2021-03-04 10:30:23.468 DEBUG 474364 --- [http-nio-8080-exec-10] org.hibernate.SQL                        : select prodotto0_.id as id1_1_, prodotto0_.nome as nome2_1_ from prodotto prodotto0_
2021-03-04 10:43:46.871  WARN 481996 --- [main] JpaBaseConfiguration$JpaWebConfiguration : spring.jpa.open-in-view is enabled by default. Therefore, database queries may be performed during view rendering. Explicitly configure spring.jpa.open-in-view to disable this warning
2021-03-04 10:43:50.781 DEBUG 481996 --- [http-nio-8080-exec-2] org.hibernate.SQL                        : select next_val as id_val from hibernate_sequence for update
2021-03-04 10:43:50.907 DEBUG 481996 --- [http-nio-8080-exec-2] org.hibernate.SQL                        : update hibernate_sequence set next_val= ? where next_val=?
2021-03-04 10:43:51.626 DEBUG 481996 --- [http-nio-8080-exec-2] org.hibernate.SQL                        : insert into prodotto (nome, id) values (?, ?)
2021-03-04 10:43:51.637 TRACE 481996 --- [http-nio-8080-exec-2] o.h.type.descriptor.sql.BasicBinder      : binding parameter [1] as [VARCHAR] - [olio]
2021-03-04 10:43:51.659 TRACE 481996 --- [http-nio-8080-exec-2] o.h.type.descriptor.sql.BasicBinder      : binding parameter [2] as [INTEGER] - [5]
2021-03-04 10:43:55.753 DEBUG 481996 --- [http-nio-8080-exec-2] org.hibernate.SQL                        : select prodotto0_.id as id1_1_, prodotto0_.nome as nome2_1_ from prodotto prodotto0_
2021-03-04 10:44:13.463 DEBUG 481996 --- [http-nio-8080-exec-4] org.hibernate.SQL                        : select next_val as id_val from hibernate_sequence for update
2021-03-04 10:44:13.617 DEBUG 481996 --- [http-nio-8080-exec-4] org.hibernate.SQL                        : update hibernate_sequence set next_val= ? where next_val=?
2021-03-04 10:44:14.347 DEBUG 481996 --- [http-nio-8080-exec-4] org.hibernate.SQL                        : insert into prodotto (nome, id) values (?, ?)
2021-03-04 10:44:14.348 TRACE 481996 --- [http-nio-8080-exec-4] o.h.type.descriptor.sql.BasicBinder      : binding parameter [1] as [VARCHAR] - [pane]
2021-03-04 10:44:14.349 TRACE 481996 --- [http-nio-8080-exec-4] o.h.type.descriptor.sql.BasicBinder      : binding parameter [2] as [INTEGER] - [6]
2021-03-04 10:44:15.782 DEBUG 481996 --- [http-nio-8080-exec-4] org.hibernate.SQL                        : select prodotto0_.id as id1_1_, prodotto0_.nome as nome2_1_ from prodotto prodotto0_
2021-03-04 10:45:48.573 DEBUG 481996 --- [http-nio-8080-exec-6] org.hibernate.SQL                        : select prodotto0_.id as id1_1_, prodotto0_.nome as nome2_1_ from prodotto prodotto0_
2021-03-04 10:46:01.781 DEBUG 481996 --- [http-nio-8080-exec-8] org.hibernate.SQL                        : select prodotto0_.id as id1_1_, prodotto0_.nome as nome2_1_ from prodotto prodotto0_
2021-03-04 10:46:06.831 DEBUG 481996 --- [http-nio-8080-exec-9] org.hibernate.SQL                        : select prodotto0_.id as id1_1_, prodotto0_.nome as nome2_1_ from prodotto prodotto0_
2021-03-04 10:46:10.681 DEBUG 481996 --- [http-nio-8080-exec-10] org.hibernate.SQL                        : select prodotto0_.id as id1_1_, prodotto0_.nome as nome2_1_ from prodotto prodotto0_
2021-03-04 10:46:35.924 DEBUG 481996 --- [http-nio-8080-exec-2] org.hibernate.SQL                        : select prodotto0_.id as id1_1_, prodotto0_.nome as nome2_1_ from prodotto prodotto0_
2021-03-04 10:46:48.511 DEBUG 481996 --- [http-nio-8080-exec-5] org.hibernate.SQL                        : select prodotto0_.id as id1_1_, prodotto0_.nome as nome2_1_ from prodotto prodotto0_
2021-03-04 10:47:15.291 DEBUG 481996 --- [http-nio-8080-exec-1] org.hibernate.SQL                        : select next_val as id_val from hibernate_sequence for update
2021-03-04 10:47:15.293 DEBUG 481996 --- [http-nio-8080-exec-1] org.hibernate.SQL                        : update hibernate_sequence set next_val= ? where next_val=?
2021-03-04 10:47:15.408 DEBUG 481996 --- [http-nio-8080-exec-1] org.hibernate.SQL                        : insert into prodotto (nome, id) values (?, ?)
2021-03-04 10:47:15.410 TRACE 481996 --- [http-nio-8080-exec-1] o.h.type.descriptor.sql.BasicBinder      : binding parameter [1] as [VARCHAR] - [limone]
2021-03-04 10:47:15.411 TRACE 481996 --- [http-nio-8080-exec-1] o.h.type.descriptor.sql.BasicBinder      : binding parameter [2] as [INTEGER] - [7]
2021-03-04 10:47:15.592 DEBUG 481996 --- [http-nio-8080-exec-1] org.hibernate.SQL                        : select prodotto0_.id as id1_1_, prodotto0_.nome as nome2_1_ from prodotto prodotto0_
2021-03-04 10:47:18.161 DEBUG 481996 --- [http-nio-8080-exec-8] org.hibernate.SQL                        : select prodotto0_.id as id1_1_, prodotto0_.nome as nome2_1_ from prodotto prodotto0_
2021-03-04 10:47:19.804 DEBUG 481996 --- [http-nio-8080-exec-7] org.hibernate.SQL                        : delete from prodotto
2021-03-04 10:47:20.015 DEBUG 481996 --- [http-nio-8080-exec-7] org.hibernate.SQL                        : select prodotto0_.id as id1_1_, prodotto0_.nome as nome2_1_ from prodotto prodotto0_
2021-03-04 10:47:22.075 DEBUG 481996 --- [http-nio-8080-exec-9] org.hibernate.SQL                        : select prodotto0_.id as id1_1_, prodotto0_.nome as nome2_1_ from prodotto prodotto0_
